{"level":"info","message":"Movie \"Cybernetic Odyssey\" added to the Database","service":"Movie-service","timestamp":"2025-03-26T21:53:44.178Z"}
{"level":"info","message":"Movie \"The Last Algorithm\" added to the Database","service":"Movie-service","timestamp":"2025-03-26T21:54:12.993Z"}
{"level":"info","message":"Movie \"Neon Genesis Code\" added to the Database","service":"Movie-service","timestamp":"2025-03-26T21:54:19.659Z"}
{"level":"info","message":"Movie \"Vikram 2047\" added to the Database","service":"Movie-service","timestamp":"2025-03-26T21:54:57.228Z"}
{"level":"info","message":"Fetched 5 movies from the database","service":"Movie-service","timestamp":"2025-03-26T21:55:12.804Z"}
{"level":"info","message":"Asian Theater is Added at this panjagutta ","service":"Movie-service","timestamp":"2025-03-26T21:56:01.272Z"}
{"level":"info","message":"cinePole Theater is Added at this Karnamghat ","service":"Movie-service","timestamp":"2025-03-26T21:56:54.280Z"}
{"level":"info","message":"All Theaters Fetched successfully ","service":"Movie-service","timestamp":"2025-03-26T21:57:29.865Z"}
{"level":"info","message":"All screens retrieved successfully","service":"Movie-service","timestamp":"2025-03-26T21:58:53.473Z"}
{"level":"info","message":"All screens retrieved successfully","service":"Movie-service","timestamp":"2025-03-26T21:59:05.461Z"}
{"level":"info","message":"1 Screen added to Theater 01708698-753a-4f32-bd28-18d32a1817b7","service":"Movie-service","timestamp":"2025-03-26T21:59:44.756Z"}
{"level":"info","message":"2 Screen added to Theater 01708698-753a-4f32-bd28-18d32a1817b7","service":"Movie-service","timestamp":"2025-03-26T21:59:50.315Z"}
{"level":"info","message":"1 Screen added to Theater 0bd7346f-c167-45c6-96b1-e890bab4dc36","service":"Movie-service","timestamp":"2025-03-26T22:00:10.182Z"}
{"level":"info","message":"2 Screen added to Theater 0bd7346f-c167-45c6-96b1-e890bab4dc36","service":"Movie-service","timestamp":"2025-03-26T22:00:15.523Z"}
{"level":"info","message":"3 Screen added to Theater 0bd7346f-c167-45c6-96b1-e890bab4dc36","service":"Movie-service","timestamp":"2025-03-26T22:00:22.439Z"}
{"level":"info","message":"1 Screen added to Theater 5c145ec6-bb74-4fc2-9b6a-8ad2700a7453","service":"Movie-service","timestamp":"2025-03-26T22:00:55.302Z"}
{"level":"info","message":"All screens retrieved successfully","service":"Movie-service","timestamp":"2025-03-26T22:03:26.969Z"}
{"level":"info","message":"All screens retrieved successfully","service":"Movie-service","timestamp":"2025-03-26T22:04:38.565Z"}
{"level":"info","message":"Fetched 5 movies from the database","service":"Movie-service","timestamp":"2025-03-26T22:05:53.625Z"}
{"level":"info","message":"Movie:The Example Movie deleted successfully","service":"Movie-service","timestamp":"2025-03-26T22:06:10.663Z"}
{"level":"info","message":"Fetched 4 movies from the database","service":"Movie-service","timestamp":"2025-03-26T22:06:17.477Z"}
{"level":"info","message":"All screens retrieved successfully","service":"Movie-service","timestamp":"2025-03-26T22:06:54.022Z"}
{"level":"info","message":"All Theaters Fetched successfully ","service":"Movie-service","timestamp":"2025-03-26T22:18:32.545Z"}
{"level":"info","message":"2 Screen added to Theater 5c145ec6-bb74-4fc2-9b6a-8ad2700a7453","service":"Movie-service","timestamp":"2025-03-26T22:18:55.703Z"}
{"level":"info","message":"All Theaters Fetched successfully ","service":"Movie-service","timestamp":"2025-03-26T22:19:10.354Z"}
{"level":"info","message":"All screens retrieved successfully","service":"Movie-service","timestamp":"2025-03-26T22:19:15.933Z"}
{"level":"info","message":"All screens retrieved successfully","service":"Movie-service","timestamp":"2025-03-26T22:47:11.725Z"}
{"level":"info","message":"All Theaters Fetched successfully ","service":"Movie-service","timestamp":"2025-03-26T22:47:27.464Z"}
{"level":"info","message":"All screens retrieved successfully","service":"Movie-service","timestamp":"2025-03-26T22:48:04.975Z"}
{"capacity":100,"createdAt":"2025-03-26T22:00:22.436Z","id":"be438897-d66e-4842-b04d-17189d10d4cf","level":"info","message":"This is an existingScreenexistingScreen","number":3,"service":"Movie-service","theaterId":"0bd7346f-c167-45c6-96b1-e890bab4dc36","timestamp":"2025-03-26T22:48:13.748Z","updatedAt":"2025-03-26T22:00:22.436Z"}
{"capacity":100,"createdAt":"2025-03-26T22:00:22.436Z","id":"be438897-d66e-4842-b04d-17189d10d4cf","level":"info","message":"This is an existingScreenexistingScreen","number":3,"service":"Movie-service","theaterId":"0bd7346f-c167-45c6-96b1-e890bab4dc36","timestamp":"2025-03-26T22:48:21.933Z","updatedAt":"2025-03-26T22:00:22.436Z"}
{"level":"info","message":"This is an existingScreenexistingScreen","service":"Movie-service","timestamp":"2025-03-26T22:48:26.218Z"}
{"0":{"capacity":200,"createdAt":"2025-03-26T22:00:10.180Z","id":"60e28a35-94d3-4c63-8d86-95845ed31d61","number":1,"theaterId":"0bd7346f-c167-45c6-96b1-e890bab4dc36","updatedAt":"2025-03-26T22:00:10.180Z"},"1":{"capacity":200,"createdAt":"2025-03-26T22:00:15.522Z","id":"550057ab-7c8d-4a6d-b518-43fadda4b485","number":2,"theaterId":"0bd7346f-c167-45c6-96b1-e890bab4dc36","updatedAt":"2025-03-26T22:00:15.522Z"},"2":{"capacity":100,"createdAt":"2025-03-26T22:00:22.436Z","id":"be438897-d66e-4842-b04d-17189d10d4cf","number":3,"theaterId":"0bd7346f-c167-45c6-96b1-e890bab4dc36","updatedAt":"2025-03-26T22:00:22.436Z"},"createdAt":"2025-03-26T21:56:01.265Z","id":"0bd7346f-c167-45c6-96b1-e890bab4dc36","level":"info","location":"panjagutta","message":"All screens of  this","name":"Asian","service":"Movie-service","timestamp":"2025-03-26T22:48:26.224Z","totalSeats":500,"updatedAt":"2025-03-26T21:56:01.265Z"}
{"level":"info","message":"totalAllocatedSeats:","service":"Movie-service","timestamp":"2025-03-26T22:48:26.225Z"}
{"capacity":100,"createdAt":"2025-03-26T22:00:22.436Z","id":"be438897-d66e-4842-b04d-17189d10d4cf","level":"info","message":"This is an existingScreenexistingScreen","number":3,"service":"Movie-service","theaterId":"0bd7346f-c167-45c6-96b1-e890bab4dc36","timestamp":"2025-03-26T22:48:32.029Z","updatedAt":"2025-03-26T22:00:22.436Z"}
{"level":"info","message":"Sushma Theater is Added at this Hastinapuram ","service":"Movie-service","timestamp":"2025-03-26T22:49:18.213Z"}
{"level":"info","message":"This is an existingScreenexistingScreen","service":"Movie-service","timestamp":"2025-03-26T22:49:58.166Z"}
{"0":":","createdAt":"2025-03-26T22:49:18.188Z","id":"0eebee77-7fe5-42da-9b58-77a6ffdc5595","level":"info","location":"Hastinapuram","message":"All screens of  this","name":"Sushma","service":"Movie-service","timestamp":"2025-03-26T22:49:58.179Z","totalSeats":1000,"updatedAt":"2025-03-26T22:49:18.188Z"}
{"level":"info","message":"totalAllocatedSeats:","service":"Movie-service","timestamp":"2025-03-26T22:49:58.181Z"}
{"level":"info","message":"1 Screen added to Theater 0eebee77-7fe5-42da-9b58-77a6ffdc5595","service":"Movie-service","timestamp":"2025-03-26T22:49:58.212Z"}
{"level":"info","message":"This is an existingScreenexistingScreen","service":"Movie-service","timestamp":"2025-03-26T22:50:02.346Z"}
{"0":{"capacity":250,"createdAt":"2025-03-26T22:49:58.185Z","id":"61c54092-ef9d-4a48-b847-e48397ecfe5a","number":1,"theaterId":"0eebee77-7fe5-42da-9b58-77a6ffdc5595","updatedAt":"2025-03-26T22:49:58.185Z"},"createdAt":"2025-03-26T22:49:18.188Z","id":"0eebee77-7fe5-42da-9b58-77a6ffdc5595","level":"info","location":"Hastinapuram","message":"All screens of  this","name":"Sushma","service":"Movie-service","timestamp":"2025-03-26T22:50:02.347Z","totalSeats":1000,"updatedAt":"2025-03-26T22:49:18.188Z"}
{"level":"info","message":"totalAllocatedSeats:","service":"Movie-service","timestamp":"2025-03-26T22:50:02.349Z"}
{"level":"info","message":"2 Screen added to Theater 0eebee77-7fe5-42da-9b58-77a6ffdc5595","service":"Movie-service","timestamp":"2025-03-26T22:50:02.352Z"}
{"level":"info","message":"This is an existingScreenexistingScreen","service":"Movie-service","timestamp":"2025-03-26T22:50:06.015Z"}
{"0":{"capacity":250,"createdAt":"2025-03-26T22:49:58.185Z","id":"61c54092-ef9d-4a48-b847-e48397ecfe5a","number":1,"theaterId":"0eebee77-7fe5-42da-9b58-77a6ffdc5595","updatedAt":"2025-03-26T22:49:58.185Z"},"1":{"capacity":250,"createdAt":"2025-03-26T22:50:02.350Z","id":"cc8aff23-d2fe-42c9-87e7-580a4a871b4f","number":2,"theaterId":"0eebee77-7fe5-42da-9b58-77a6ffdc5595","updatedAt":"2025-03-26T22:50:02.350Z"},"createdAt":"2025-03-26T22:49:18.188Z","id":"0eebee77-7fe5-42da-9b58-77a6ffdc5595","level":"info","location":"Hastinapuram","message":"All screens of  this","name":"Sushma","service":"Movie-service","timestamp":"2025-03-26T22:50:06.019Z","totalSeats":1000,"updatedAt":"2025-03-26T22:49:18.188Z"}
{"level":"info","message":"totalAllocatedSeats:","service":"Movie-service","timestamp":"2025-03-26T22:50:06.020Z"}
{"level":"info","message":"3 Screen added to Theater 0eebee77-7fe5-42da-9b58-77a6ffdc5595","service":"Movie-service","timestamp":"2025-03-26T22:50:06.023Z"}
{"level":"info","message":"This is an existingScreenexistingScreen","service":"Movie-service","timestamp":"2025-03-26T22:50:09.960Z"}
{"0":{"capacity":250,"createdAt":"2025-03-26T22:49:58.185Z","id":"61c54092-ef9d-4a48-b847-e48397ecfe5a","number":1,"theaterId":"0eebee77-7fe5-42da-9b58-77a6ffdc5595","updatedAt":"2025-03-26T22:49:58.185Z"},"1":{"capacity":250,"createdAt":"2025-03-26T22:50:02.350Z","id":"cc8aff23-d2fe-42c9-87e7-580a4a871b4f","number":2,"theaterId":"0eebee77-7fe5-42da-9b58-77a6ffdc5595","updatedAt":"2025-03-26T22:50:02.350Z"},"2":{"capacity":250,"createdAt":"2025-03-26T22:50:06.021Z","id":"54e9efd9-4b5d-4dc3-a0fb-553777bf164c","number":3,"theaterId":"0eebee77-7fe5-42da-9b58-77a6ffdc5595","updatedAt":"2025-03-26T22:50:06.021Z"},"createdAt":"2025-03-26T22:49:18.188Z","id":"0eebee77-7fe5-42da-9b58-77a6ffdc5595","level":"info","location":"Hastinapuram","message":"All screens of  this","name":"Sushma","service":"Movie-service","timestamp":"2025-03-26T22:50:09.962Z","totalSeats":1000,"updatedAt":"2025-03-26T22:49:18.188Z"}
{"level":"info","message":"totalAllocatedSeats:","service":"Movie-service","timestamp":"2025-03-26T22:50:09.963Z"}
{"level":"info","message":"4 Screen added to Theater 0eebee77-7fe5-42da-9b58-77a6ffdc5595","service":"Movie-service","timestamp":"2025-03-26T22:50:09.968Z"}
{"level":"info","message":"This is an existingScreenexistingScreen","service":"Movie-service","timestamp":"2025-03-26T22:50:14.718Z"}
{"0":{"capacity":250,"createdAt":"2025-03-26T22:49:58.185Z","id":"61c54092-ef9d-4a48-b847-e48397ecfe5a","number":1,"theaterId":"0eebee77-7fe5-42da-9b58-77a6ffdc5595","updatedAt":"2025-03-26T22:49:58.185Z"},"1":{"capacity":250,"createdAt":"2025-03-26T22:50:02.350Z","id":"cc8aff23-d2fe-42c9-87e7-580a4a871b4f","number":2,"theaterId":"0eebee77-7fe5-42da-9b58-77a6ffdc5595","updatedAt":"2025-03-26T22:50:02.350Z"},"2":{"capacity":250,"createdAt":"2025-03-26T22:50:06.021Z","id":"54e9efd9-4b5d-4dc3-a0fb-553777bf164c","number":3,"theaterId":"0eebee77-7fe5-42da-9b58-77a6ffdc5595","updatedAt":"2025-03-26T22:50:06.021Z"},"3":{"capacity":250,"createdAt":"2025-03-26T22:50:09.964Z","id":"9cd3da05-3726-4d1d-b792-106694ca9500","number":4,"theaterId":"0eebee77-7fe5-42da-9b58-77a6ffdc5595","updatedAt":"2025-03-26T22:50:09.964Z"},"createdAt":"2025-03-26T22:49:18.188Z","id":"0eebee77-7fe5-42da-9b58-77a6ffdc5595","level":"info","location":"Hastinapuram","message":"All screens of  this","name":"Sushma","service":"Movie-service","timestamp":"2025-03-26T22:50:14.721Z","totalSeats":1000,"updatedAt":"2025-03-26T22:49:18.188Z"}
{"level":"info","message":"totalAllocatedSeats:","service":"Movie-service","timestamp":"2025-03-26T22:50:14.722Z"}
{"level":"info","message":"All Theaters Fetched successfully ","service":"Movie-service","timestamp":"2025-03-26T22:50:37.056Z"}
{"level":"info","message":"All screens retrieved successfully","service":"Movie-service","timestamp":"2025-03-26T22:50:55.152Z"}
{"level":"info","message":"Fetched 4 movies from the database","service":"Movie-service","timestamp":"2025-03-26T23:08:43.106Z"}
